c:\users\администратор\documents\visual studio 2012\projects\hl_launcher\hl_launcher\debug\myform.obj
c:\users\администратор\documents\visual studio 2012\projects\hl_launcher\hl_launcher\debug\vc110.pdb
c:\users\администратор\documents\visual studio 2012\projects\hl_launcher\hl_launcher\debug\hl_launcher.myform.resources
c:\users\администратор\documents\visual studio 2012\projects\hl_launcher\debug\hl_launcher.ilk
c:\users\администратор\documents\visual studio 2012\projects\hl_launcher\debug\hl_launcher.exe
c:\users\администратор\documents\visual studio 2012\projects\hl_launcher\debug\hl_launcher.pdb
c:\users\администратор\documents\visual studio 2012\projects\hl_launcher\hl_launcher\debug\hl_launcher.res
c:\users\arseniio\desktop\hl-launcher-master\hl_launcher\debug\hl_launcher.vcxproj.generateresource.cache
c:\users\arseniio\desktop\hl-launcher-master\hl_launcher\debug\hl_launcher.vcxprojresolveassemblyreference.cache
c:\users\arseniio\desktop\hl-launcher-master\hl_launcher\debug\myform.obj
c:\users\arseniio\desktop\hl-launcher-master\hl_launcher\debug\hl_launcher.myform.resources
c:\users\arseniio\desktop\hl-launcher-master\hl_launcher\debug\cl.command.1.tlog
c:\users\arseniio\desktop\hl-launcher-master\hl_launcher\debug\cl.read.1.tlog
c:\users\arseniio\desktop\hl-launcher-master\hl_launcher\debug\cl.write.1.tlog
c:\users\arseniio\desktop\hl-launcher-master\hl_launcher\debug\hl_launcher.write.1.tlog
c:\users\arseniio\desktop\hl-launcher-master\hl_launcher\debug\link.1188-cvtres.read.1.tlog
c:\users\arseniio\desktop\hl-launcher-master\hl_launcher\debug\link.1188-cvtres.write.1.tlog
c:\users\arseniio\desktop\hl-launcher-master\hl_launcher\debug\link.1188-rc.read.1.tlog
c:\users\arseniio\desktop\hl-launcher-master\hl_launcher\debug\link.1188-rc.write.1.tlog
c:\users\arseniio\desktop\hl-launcher-master\hl_launcher\debug\link.1188.read.1.tlog
c:\users\arseniio\desktop\hl-launcher-master\hl_launcher\debug\link.1188.write.1.tlog
c:\users\arseniio\desktop\hl-launcher-master\hl_launcher\debug\link.3272-cvtres.read.1.tlog
c:\users\arseniio\desktop\hl-launcher-master\hl_launcher\debug\link.3272-cvtres.write.1.tlog
c:\users\arseniio\desktop\hl-launcher-master\hl_launcher\debug\link.3272-rc.read.1.tlog
c:\users\arseniio\desktop\hl-launcher-master\hl_launcher\debug\link.3272-rc.write.1.tlog
c:\users\arseniio\desktop\hl-launcher-master\hl_launcher\debug\link.3272.read.1.tlog
c:\users\arseniio\desktop\hl-launcher-master\hl_launcher\debug\link.3272.write.1.tlog
c:\users\arseniio\desktop\hl-launcher-master\hl_launcher\debug\link.command.1.tlog
c:\users\arseniio\desktop\hl-launcher-master\hl_launcher\debug\link.read.1.tlog
c:\users\arseniio\desktop\hl-launcher-master\hl_launcher\debug\link.write.1.tlog
c:\users\arseniio\desktop\hl-launcher-master\hl_launcher\debug\metagen.read.1.tlog
c:\users\arseniio\desktop\hl-launcher-master\hl_launcher\debug\metagen.write.1.tlog
c:\users\arseniio\desktop\hl-launcher-master\hl_launcher\debug\rc.command.1.tlog
c:\users\arseniio\desktop\hl-launcher-master\hl_launcher\debug\rc.read.1.tlog
c:\users\arseniio\desktop\hl-launcher-master\hl_launcher\debug\rc.write.1.tlog
c:\users\arseniio\desktop\hl-launcher-master\hl_launcher\debug\hl_launcher.res
c:\users\arseniio\desktop\hl-launcher-master\hl_launcher\debug\vc110.pdb
c:\users\arseniio\desktop\hl-launcher-master\debug\hl_launcher.pdb
c:\users\arseniio\desktop\hl-launcher-master\debug\hl_launcher.exe
